{"D:\\Ynov\\NestJS\\blog-api-nestJS\\src\\app.controller.test.ts": {"path":"D:\\Ynov\\NestJS\\blog-api-nestJS\\src\\app.controller.test.ts","statementMap":{"0":{"start":{"line":1,"column":0},"end":{"line":1,"column":53}},"1":{"start":{"line":2,"column":0},"end":{"line":2,"column":48}},"2":{"start":{"line":3,"column":0},"end":{"line":3,"column":42}},"3":{"start":{"line":5,"column":0},"end":{"line":21,"column":3}},"4":{"start":{"line":8,"column":2},"end":{"line":13,"column":5}},"5":{"start":{"line":8,"column":23},"end":{"line":13,"column":3}},"6":{"start":{"line":9,"column":4},"end":{"line":12,"column":17}},"7":{"start":{"line":15,"column":2},"end":{"line":20,"column":5}},"8":{"start":{"line":16,"column":4},"end":{"line":19,"column":7}},"9":{"start":{"line":17,"column":28},"end":{"line":17,"column":65}},"10":{"start":{"line":18,"column":6},"end":{"line":18,"column":60}}},"fnMap":{"0":{"name":"(anonymous_6)","decl":{"start":{"line":5,"column":26},"end":{"line":5,"column":28}},"loc":{"start":{"line":5,"column":31},"end":{"line":21,"column":1}}},"1":{"name":"(anonymous_7)","decl":{"start":{"line":8,"column":12},"end":{"line":8,"column":20}},"loc":{"start":{"line":8,"column":23},"end":{"line":13,"column":3}}},"2":{"name":"(anonymous_8)","decl":{"start":{"line":8,"column":23},"end":{"line":null,"column":-1}},"loc":{"start":{"line":8,"column":23},"end":{"line":13,"column":3}}},"3":{"name":"(anonymous_9)","decl":{"start":{"line":15,"column":19},"end":{"line":15,"column":21}},"loc":{"start":{"line":15,"column":24},"end":{"line":20,"column":3}}},"4":{"name":"(anonymous_10)","decl":{"start":{"line":16,"column":39},"end":{"line":16,"column":41}},"loc":{"start":{"line":16,"column":44},"end":{"line":19,"column":5}}}},"branchMap":{},"s":{"0":0,"1":0,"2":0,"3":0,"4":0,"5":0,"6":0,"7":0,"8":0,"9":0,"10":0},"f":{"0":0,"1":0,"2":0,"3":0,"4":0},"b":{}}
,"D:\\Ynov\\NestJS\\blog-api-nestJS\\src\\app.service.ts": {"path":"D:\\Ynov\\NestJS\\blog-api-nestJS\\src\\app.service.ts","statementMap":{"0":{"start":{"line":1,"column":0},"end":{"line":1,"column":43}},"1":{"start":{"line":4,"column":0},"end":{"line":8,"column":1}},"2":{"start":{"line":6,"column":4},"end":{"line":6,"column":26}},"3":{"start":{"line":4,"column":13},"end":{"line":8,"column":1}},"4":{"start":{"line":4,"column":13},"end":{"line":4,"column":23}}},"fnMap":{"0":{"name":"(anonymous_1)","decl":{"start":{"line":5,"column":2},"end":{"line":5,"column":9}},"loc":{"start":{"line":5,"column":10},"end":{"line":7,"column":3}}}},"branchMap":{},"s":{"0":0,"1":0,"2":0,"3":0,"4":0},"f":{"0":0},"b":{}}
,"D:\\Ynov\\NestJS\\blog-api-nestJS\\src\\main.ts": {"path":"D:\\Ynov\\NestJS\\blog-api-nestJS\\src\\main.ts","statementMap":{"0":{"start":{"line":1,"column":0},"end":{"line":1,"column":42}},"1":{"start":{"line":2,"column":0},"end":{"line":2,"column":64}},"2":{"start":{"line":3,"column":0},"end":{"line":3,"column":40}},"3":{"start":{"line":4,"column":0},"end":{"line":4,"column":55}},"4":{"start":{"line":7,"column":14},"end":{"line":7,"column":49}},"5":{"start":{"line":9,"column":18},"end":{"line":13,"column":12}},"6":{"start":{"line":14,"column":19},"end":{"line":14,"column":61}},"7":{"start":{"line":15,"column":2},"end":{"line":15,"column":45}},"8":{"start":{"line":17,"column":2},"end":{"line":17,"column":52}},"9":{"start":{"line":19,"column":0},"end":{"line":19,"column":12}}},"fnMap":{"0":{"name":"bootstrap","decl":{"start":{"line":6,"column":15},"end":{"line":6,"column":24}},"loc":{"start":{"line":6,"column":24},"end":{"line":18,"column":1}}}},"branchMap":{},"s":{"0":0,"1":0,"2":0,"3":0,"4":0,"5":0,"6":0,"7":0,"8":0,"9":0},"f":{"0":0},"b":{}}
,"D:\\Ynov\\NestJS\\blog-api-nestJS\\src\\article\\article.controller.test.ts": {"path":"D:\\Ynov\\NestJS\\blog-api-nestJS\\src\\article\\article.controller.test.ts","statementMap":{"0":{"start":{"line":1,"column":0},"end":{"line":1,"column":55}},"1":{"start":{"line":4,"column":0},"end":{"line":26,"column":2}},"2":{"start":{"line":8,"column":2},"end":{"line":11,"column":4}},"3":{"start":{"line":8,"column":23},"end":{"line":11,"column":3}},"4":{"start":{"line":9,"column":4},"end":{"line":9,"column":23}},"5":{"start":{"line":10,"column":4},"end":{"line":10,"column":47}},"6":{"start":{"line":13,"column":2},"end":{"line":25,"column":4}},"7":{"start":{"line":14,"column":4},"end":{"line":24,"column":6}},"8":{"start":{"line":14,"column":65},"end":{"line":24,"column":5}},"9":{"start":{"line":15,"column":17},"end":{"line":15,"column":24}},"10":{"start":{"line":16,"column":19},"end":{"line":16,"column":35}},"11":{"start":{"line":18,"column":6},"end":{"line":18,"column":57}},"12":{"start":{"line":20,"column":21},"end":{"line":20,"column":49}},"13":{"start":{"line":22,"column":6},"end":{"line":22,"column":31}},"14":{"start":{"line":23,"column":6},"end":{"line":23,"column":54}}},"fnMap":{"0":{"name":"(anonymous_6)","decl":{"start":{"line":4,"column":28},"end":{"line":4,"column":30}},"loc":{"start":{"line":4,"column":33},"end":{"line":26,"column":1}}},"1":{"name":"(anonymous_7)","decl":{"start":{"line":8,"column":12},"end":{"line":8,"column":20}},"loc":{"start":{"line":8,"column":23},"end":{"line":11,"column":3}}},"2":{"name":"(anonymous_8)","decl":{"start":{"line":8,"column":23},"end":{"line":null,"column":-1}},"loc":{"start":{"line":8,"column":23},"end":{"line":11,"column":3}}},"3":{"name":"(anonymous_9)","decl":{"start":{"line":13,"column":22},"end":{"line":13,"column":24}},"loc":{"start":{"line":13,"column":27},"end":{"line":25,"column":3}}},"4":{"name":"(anonymous_10)","decl":{"start":{"line":14,"column":54},"end":{"line":14,"column":62}},"loc":{"start":{"line":14,"column":65},"end":{"line":24,"column":5}}},"5":{"name":"(anonymous_11)","decl":{"start":{"line":14,"column":65},"end":{"line":null,"column":-1}},"loc":{"start":{"line":14,"column":65},"end":{"line":24,"column":5}}}},"branchMap":{},"s":{"0":0,"1":0,"2":0,"3":0,"4":0,"5":0,"6":0,"7":0,"8":0,"9":0,"10":0,"11":0,"12":0,"13":0,"14":0},"f":{"0":0,"1":0,"2":0,"3":0,"4":0,"5":0},"b":{}}
,"D:\\Ynov\\NestJS\\blog-api-nestJS\\src\\article\\article.controller.ts": {"path":"D:\\Ynov\\NestJS\\blog-api-nestJS\\src\\article\\article.controller.ts","statementMap":{"0":{"start":{"line":1,"column":0},"end":{"line":1,"column":66}},"1":{"start":{"line":2,"column":0},"end":{"line":2,"column":56}},"2":{"start":{"line":3,"column":0},"end":{"line":3,"column":49}},"3":{"start":{"line":7,"column":0},"end":{"line":19,"column":1}},"4":{"start":{"line":8,"column":31},"end":{"line":8,"column":61}},"5":{"start":{"line":17,"column":4},"end":{"line":17,"column":42}},"6":{"start":{"line":16,"column":2},"end":{"line":18,"column":3}},"7":{"start":{"line":7,"column":13},"end":{"line":19,"column":1}},"8":{"start":{"line":7,"column":13},"end":{"line":7,"column":30}}},"fnMap":{"0":{"name":"(anonymous_10)","decl":{"start":{"line":8,"column":2},"end":{"line":8,"column":30}},"loc":{"start":{"line":8,"column":61},"end":{"line":8,"column":65}}},"1":{"name":"(anonymous_11)","decl":{"start":{"line":16,"column":8},"end":{"line":16,"column":14}},"loc":{"start":{"line":16,"column":39},"end":{"line":18,"column":3}}}},"branchMap":{},"s":{"0":0,"1":0,"2":0,"3":0,"4":0,"5":0,"6":0,"7":0,"8":0},"f":{"0":0,"1":0},"b":{}}
,"D:\\Ynov\\NestJS\\blog-api-nestJS\\src\\article\\article.service.test.ts": {"path":"D:\\Ynov\\NestJS\\blog-api-nestJS\\src\\article\\article.service.test.ts","statementMap":{"0":{"start":{"line":1,"column":0},"end":{"line":1,"column":48}},"1":{"start":{"line":3,"column":0},"end":{"line":3,"column":49}},"2":{"start":{"line":4,"column":0},"end":{"line":4,"column":48}},"3":{"start":{"line":6,"column":0},"end":{"line":46,"column":2}},"4":{"start":{"line":10,"column":2},"end":{"line":13,"column":4}},"5":{"start":{"line":11,"column":4},"end":{"line":11,"column":26}},"6":{"start":{"line":12,"column":4},"end":{"line":12,"column":44}},"7":{"start":{"line":15,"column":2},"end":{"line":32,"column":4}},"8":{"start":{"line":16,"column":4},"end":{"line":31,"column":6}},"9":{"start":{"line":16,"column":91},"end":{"line":31,"column":5}},"10":{"start":{"line":17,"column":25},"end":{"line":23,"column":8}},"11":{"start":{"line":25,"column":6},"end":{"line":25,"column":63}},"12":{"start":{"line":27,"column":21},"end":{"line":27,"column":53}},"13":{"start":{"line":29,"column":6},"end":{"line":29,"column":37}},"14":{"start":{"line":30,"column":6},"end":{"line":30,"column":62}},"15":{"start":{"line":34,"column":2},"end":{"line":45,"column":4}},"16":{"start":{"line":35,"column":4},"end":{"line":44,"column":6}},"17":{"start":{"line":35,"column":87},"end":{"line":44,"column":5}},"18":{"start":{"line":36,"column":17},"end":{"line":36,"column":24}},"19":{"start":{"line":37,"column":19},"end":{"line":37,"column":35}},"20":{"start":{"line":38,"column":6},"end":{"line":38,"column":60}},"21":{"start":{"line":40,"column":21},"end":{"line":40,"column":46}},"22":{"start":{"line":42,"column":6},"end":{"line":42,"column":31}},"23":{"start":{"line":43,"column":6},"end":{"line":43,"column":57}}},"fnMap":{"0":{"name":"(anonymous_6)","decl":{"start":{"line":6,"column":27},"end":{"line":6,"column":29}},"loc":{"start":{"line":6,"column":32},"end":{"line":46,"column":1}}},"1":{"name":"(anonymous_7)","decl":{"start":{"line":10,"column":12},"end":{"line":10,"column":14}},"loc":{"start":{"line":10,"column":17},"end":{"line":13,"column":3}}},"2":{"name":"(anonymous_8)","decl":{"start":{"line":15,"column":21},"end":{"line":15,"column":23}},"loc":{"start":{"line":15,"column":26},"end":{"line":32,"column":3}}},"3":{"name":"(anonymous_9)","decl":{"start":{"line":16,"column":80},"end":{"line":16,"column":88}},"loc":{"start":{"line":16,"column":91},"end":{"line":31,"column":5}}},"4":{"name":"(anonymous_10)","decl":{"start":{"line":16,"column":91},"end":{"line":null,"column":-1}},"loc":{"start":{"line":16,"column":91},"end":{"line":31,"column":5}}},"5":{"name":"(anonymous_11)","decl":{"start":{"line":34,"column":22},"end":{"line":34,"column":24}},"loc":{"start":{"line":34,"column":27},"end":{"line":45,"column":3}}},"6":{"name":"(anonymous_12)","decl":{"start":{"line":35,"column":76},"end":{"line":35,"column":84}},"loc":{"start":{"line":35,"column":87},"end":{"line":44,"column":5}}},"7":{"name":"(anonymous_13)","decl":{"start":{"line":35,"column":87},"end":{"line":null,"column":-1}},"loc":{"start":{"line":35,"column":87},"end":{"line":44,"column":5}}}},"branchMap":{},"s":{"0":0,"1":0,"2":0,"3":0,"4":0,"5":0,"6":0,"7":0,"8":0,"9":0,"10":0,"11":0,"12":0,"13":0,"14":0,"15":0,"16":0,"17":0,"18":0,"19":0,"20":0,"21":0,"22":0,"23":0},"f":{"0":0,"1":0,"2":0,"3":0,"4":0,"5":0,"6":0,"7":0},"b":{}}
,"D:\\Ynov\\NestJS\\blog-api-nestJS\\src\\article\\article.service.ts": {"path":"D:\\Ynov\\NestJS\\blog-api-nestJS\\src\\article\\article.service.ts","statementMap":{"0":{"start":{"line":1,"column":0},"end":{"line":1,"column":50}},"1":{"start":{"line":2,"column":0},"end":{"line":2,"column":55}},"2":{"start":{"line":3,"column":0},"end":{"line":3,"column":49}},"3":{"start":{"line":6,"column":0},"end":{"line":43,"column":1}},"4":{"start":{"line":9,"column":21},"end":{"line":9,"column":57}},"5":{"start":{"line":19,"column":4},"end":{"line":19,"column":57}},"6":{"start":{"line":29,"column":4},"end":{"line":29,"column":45}},"7":{"start":{"line":6,"column":13},"end":{"line":43,"column":1}},"8":{"start":{"line":6,"column":13},"end":{"line":6,"column":27}}},"fnMap":{"0":{"name":"(anonymous_10)","decl":{"start":{"line":7,"column":2},"end":{"line":9,"column":20}},"loc":{"start":{"line":9,"column":57},"end":{"line":10,"column":6}}},"1":{"name":"(anonymous_11)","decl":{"start":{"line":18,"column":8},"end":{"line":18,"column":13}},"loc":{"start":{"line":18,"column":37},"end":{"line":20,"column":3}}},"2":{"name":"(anonymous_13)","decl":{"start":{"line":28,"column":8},"end":{"line":28,"column":14}},"loc":{"start":{"line":28,"column":26},"end":{"line":30,"column":3}}}},"branchMap":{},"s":{"0":0,"1":0,"2":0,"3":0,"4":0,"5":0,"6":0,"7":0,"8":0},"f":{"0":0,"1":0,"2":0},"b":{}}
,"D:\\Ynov\\NestJS\\blog-api-nestJS\\src\\article\\entity\\article.entity.ts": {"path":"D:\\Ynov\\NestJS\\blog-api-nestJS\\src\\article\\entity\\article.entity.ts","statementMap":{"0":{"start":{"line":1,"column":0},"end":{"line":9,"column":15}},"1":{"start":{"line":10,"column":0},"end":{"line":10,"column":60}},"2":{"start":{"line":11,"column":0},"end":{"line":11,"column":51}},"3":{"start":{"line":12,"column":0},"end":{"line":12,"column":108}},"4":{"start":{"line":15,"column":0},"end":{"line":59,"column":1}},"5":{"start":{"line":50,"column":4},"end":{"line":50,"column":67}},"6":{"start":{"line":51,"column":4},"end":{"line":51,"column":63}},"7":{"start":{"line":52,"column":4},"end":{"line":52,"column":71}},"8":{"start":{"line":53,"column":4},"end":{"line":53,"column":56}},"9":{"start":{"line":54,"column":4},"end":{"line":54,"column":58}},"10":{"start":{"line":55,"column":4},"end":{"line":55,"column":52}},"11":{"start":{"line":56,"column":4},"end":{"line":56,"column":56}},"12":{"start":{"line":57,"column":4},"end":{"line":57,"column":52}},"13":{"start":{"line":17,"column":2},"end":{"line":17,"column":19}},"14":{"start":{"line":20,"column":2},"end":{"line":20,"column":14}},"15":{"start":{"line":19,"column":21},"end":{"line":19,"column":25}},"16":{"start":{"line":19,"column":35},"end":{"line":19,"column":48}},"17":{"start":{"line":23,"column":2},"end":{"line":23,"column":21}},"18":{"start":{"line":22,"column":21},"end":{"line":22,"column":28}},"19":{"start":{"line":22,"column":41},"end":{"line":22,"column":56}},"20":{"start":{"line":26,"column":2},"end":{"line":26,"column":17}},"21":{"start":{"line":29,"column":2},"end":{"line":29,"column":15}},"22":{"start":{"line":32,"column":2},"end":{"line":32,"column":21}},"23":{"start":{"line":35,"column":2},"end":{"line":35,"column":18}},"24":{"start":{"line":38,"column":2},"end":{"line":38,"column":15}},"25":{"start":{"line":41,"column":2},"end":{"line":41,"column":24}},"26":{"start":{"line":44,"column":2},"end":{"line":44,"column":15}},"27":{"start":{"line":47,"column":2},"end":{"line":47,"column":15}},"28":{"start":{"line":15,"column":13},"end":{"line":59,"column":1}},"29":{"start":{"line":15,"column":13},"end":{"line":15,"column":20}}},"fnMap":{"0":{"name":"(anonymous_2)","decl":{"start":{"line":49,"column":2},"end":{"line":49,"column":13}},"loc":{"start":{"line":49,"column":41},"end":{"line":58,"column":3}}},"1":{"name":"(anonymous_3)","decl":{"start":{"line":19,"column":13},"end":{"line":19,"column":16}},"loc":{"start":{"line":19,"column":21},"end":{"line":19,"column":25}}},"2":{"name":"(anonymous_4)","decl":{"start":{"line":19,"column":27},"end":{"line":19,"column":30}},"loc":{"start":{"line":19,"column":35},"end":{"line":19,"column":48}}},"3":{"name":"(anonymous_5)","decl":{"start":{"line":22,"column":13},"end":{"line":22,"column":16}},"loc":{"start":{"line":22,"column":21},"end":{"line":22,"column":28}}},"4":{"name":"(anonymous_6)","decl":{"start":{"line":22,"column":30},"end":{"line":22,"column":36}},"loc":{"start":{"line":22,"column":41},"end":{"line":22,"column":56}}}},"branchMap":{"0":{"loc":{"start":{"line":49,"column":39},"end":{"line":49,"column":41}},"type":"default-arg","locations":[{"start":{"line":49,"column":39},"end":{"line":49,"column":41}}]}},"s":{"0":0,"1":0,"2":0,"3":0,"4":0,"5":0,"6":0,"7":0,"8":0,"9":0,"10":0,"11":0,"12":0,"13":0,"14":0,"15":0,"16":0,"17":0,"18":0,"19":0,"20":0,"21":0,"22":0,"23":0,"24":0,"25":0,"26":0,"27":0,"28":0,"29":0},"f":{"0":0,"1":0,"2":0,"3":0,"4":0},"b":{"0":[0]}}
,"D:\\Ynov\\NestJS\\blog-api-nestJS\\src\\comment\\comment.controller.test.ts": {"path":"D:\\Ynov\\NestJS\\blog-api-nestJS\\src\\comment\\comment.controller.test.ts","statementMap":{"0":{"start":{"line":1,"column":0},"end":{"line":1,"column":55}},"1":{"start":{"line":4,"column":0},"end":{"line":25,"column":2}},"2":{"start":{"line":8,"column":2},"end":{"line":11,"column":4}},"3":{"start":{"line":8,"column":23},"end":{"line":11,"column":3}},"4":{"start":{"line":9,"column":4},"end":{"line":9,"column":23}},"5":{"start":{"line":10,"column":4},"end":{"line":10,"column":47}},"6":{"start":{"line":13,"column":2},"end":{"line":24,"column":4}},"7":{"start":{"line":14,"column":4},"end":{"line":23,"column":6}},"8":{"start":{"line":14,"column":65},"end":{"line":23,"column":5}},"9":{"start":{"line":15,"column":17},"end":{"line":15,"column":24}},"10":{"start":{"line":16,"column":22},"end":{"line":16,"column":38}},"11":{"start":{"line":17,"column":6},"end":{"line":17,"column":60}},"12":{"start":{"line":19,"column":21},"end":{"line":19,"column":49}},"13":{"start":{"line":21,"column":6},"end":{"line":21,"column":34}},"14":{"start":{"line":22,"column":6},"end":{"line":22,"column":54}}},"fnMap":{"0":{"name":"(anonymous_6)","decl":{"start":{"line":4,"column":31},"end":{"line":4,"column":33}},"loc":{"start":{"line":4,"column":36},"end":{"line":25,"column":1}}},"1":{"name":"(anonymous_7)","decl":{"start":{"line":8,"column":12},"end":{"line":8,"column":20}},"loc":{"start":{"line":8,"column":23},"end":{"line":11,"column":3}}},"2":{"name":"(anonymous_8)","decl":{"start":{"line":8,"column":23},"end":{"line":null,"column":-1}},"loc":{"start":{"line":8,"column":23},"end":{"line":11,"column":3}}},"3":{"name":"(anonymous_9)","decl":{"start":{"line":13,"column":22},"end":{"line":13,"column":24}},"loc":{"start":{"line":13,"column":27},"end":{"line":24,"column":3}}},"4":{"name":"(anonymous_10)","decl":{"start":{"line":14,"column":54},"end":{"line":14,"column":62}},"loc":{"start":{"line":14,"column":65},"end":{"line":23,"column":5}}},"5":{"name":"(anonymous_11)","decl":{"start":{"line":14,"column":65},"end":{"line":null,"column":-1}},"loc":{"start":{"line":14,"column":65},"end":{"line":23,"column":5}}}},"branchMap":{},"s":{"0":0,"1":0,"2":0,"3":0,"4":0,"5":0,"6":0,"7":0,"8":0,"9":0,"10":0,"11":0,"12":0,"13":0,"14":0},"f":{"0":0,"1":0,"2":0,"3":0,"4":0,"5":0},"b":{}}
,"D:\\Ynov\\NestJS\\blog-api-nestJS\\src\\comment\\comment.controller.ts": {"path":"D:\\Ynov\\NestJS\\blog-api-nestJS\\src\\comment\\comment.controller.ts","statementMap":{"0":{"start":{"line":1,"column":0},"end":{"line":1,"column":66}},"1":{"start":{"line":2,"column":0},"end":{"line":2,"column":56}},"2":{"start":{"line":3,"column":0},"end":{"line":3,"column":49}},"3":{"start":{"line":7,"column":0},"end":{"line":19,"column":1}},"4":{"start":{"line":8,"column":31},"end":{"line":8,"column":61}},"5":{"start":{"line":17,"column":4},"end":{"line":17,"column":42}},"6":{"start":{"line":16,"column":2},"end":{"line":18,"column":3}},"7":{"start":{"line":7,"column":13},"end":{"line":19,"column":1}},"8":{"start":{"line":7,"column":13},"end":{"line":7,"column":30}}},"fnMap":{"0":{"name":"(anonymous_10)","decl":{"start":{"line":8,"column":2},"end":{"line":8,"column":30}},"loc":{"start":{"line":8,"column":61},"end":{"line":8,"column":65}}},"1":{"name":"(anonymous_11)","decl":{"start":{"line":16,"column":8},"end":{"line":16,"column":14}},"loc":{"start":{"line":16,"column":39},"end":{"line":18,"column":3}}}},"branchMap":{},"s":{"0":0,"1":0,"2":0,"3":0,"4":0,"5":0,"6":0,"7":0,"8":0},"f":{"0":0,"1":0},"b":{}}
,"D:\\Ynov\\NestJS\\blog-api-nestJS\\src\\comment\\comment.service.test.ts": {"path":"D:\\Ynov\\NestJS\\blog-api-nestJS\\src\\comment\\comment.service.test.ts","statementMap":{"0":{"start":{"line":2,"column":0},"end":{"line":2,"column":49}},"1":{"start":{"line":4,"column":0},"end":{"line":24,"column":2}},"2":{"start":{"line":8,"column":2},"end":{"line":11,"column":4}},"3":{"start":{"line":8,"column":23},"end":{"line":11,"column":3}},"4":{"start":{"line":9,"column":4},"end":{"line":9,"column":26}},"5":{"start":{"line":10,"column":4},"end":{"line":10,"column":44}},"6":{"start":{"line":12,"column":2},"end":{"line":23,"column":4}},"7":{"start":{"line":13,"column":4},"end":{"line":22,"column":6}},"8":{"start":{"line":13,"column":87},"end":{"line":22,"column":5}},"9":{"start":{"line":14,"column":17},"end":{"line":14,"column":24}},"10":{"start":{"line":15,"column":22},"end":{"line":15,"column":38}},"11":{"start":{"line":16,"column":6},"end":{"line":16,"column":63}},"12":{"start":{"line":18,"column":21},"end":{"line":18,"column":46}},"13":{"start":{"line":20,"column":6},"end":{"line":20,"column":34}},"14":{"start":{"line":21,"column":6},"end":{"line":21,"column":57}}},"fnMap":{"0":{"name":"(anonymous_6)","decl":{"start":{"line":4,"column":27},"end":{"line":4,"column":29}},"loc":{"start":{"line":4,"column":32},"end":{"line":24,"column":1}}},"1":{"name":"(anonymous_7)","decl":{"start":{"line":8,"column":12},"end":{"line":8,"column":20}},"loc":{"start":{"line":8,"column":23},"end":{"line":11,"column":3}}},"2":{"name":"(anonymous_8)","decl":{"start":{"line":8,"column":23},"end":{"line":null,"column":-1}},"loc":{"start":{"line":8,"column":23},"end":{"line":11,"column":3}}},"3":{"name":"(anonymous_9)","decl":{"start":{"line":12,"column":22},"end":{"line":12,"column":24}},"loc":{"start":{"line":12,"column":27},"end":{"line":23,"column":3}}},"4":{"name":"(anonymous_10)","decl":{"start":{"line":13,"column":76},"end":{"line":13,"column":84}},"loc":{"start":{"line":13,"column":87},"end":{"line":22,"column":5}}},"5":{"name":"(anonymous_11)","decl":{"start":{"line":13,"column":87},"end":{"line":null,"column":-1}},"loc":{"start":{"line":13,"column":87},"end":{"line":22,"column":5}}}},"branchMap":{},"s":{"0":0,"1":0,"2":0,"3":0,"4":0,"5":0,"6":0,"7":0,"8":0,"9":0,"10":0,"11":0,"12":0,"13":0,"14":0},"f":{"0":0,"1":0,"2":0,"3":0,"4":0,"5":0},"b":{}}
,"D:\\Ynov\\NestJS\\blog-api-nestJS\\src\\comment\\comment.service.ts": {"path":"D:\\Ynov\\NestJS\\blog-api-nestJS\\src\\comment\\comment.service.ts","statementMap":{"0":{"start":{"line":1,"column":0},"end":{"line":1,"column":50}},"1":{"start":{"line":2,"column":0},"end":{"line":2,"column":55}},"2":{"start":{"line":5,"column":0},"end":{"line":19,"column":1}},"3":{"start":{"line":7,"column":48},"end":{"line":7,"column":84}},"4":{"start":{"line":17,"column":4},"end":{"line":17,"column":45}},"5":{"start":{"line":5,"column":13},"end":{"line":19,"column":1}},"6":{"start":{"line":5,"column":13},"end":{"line":5,"column":27}}},"fnMap":{"0":{"name":"(anonymous_10)","decl":{"start":{"line":6,"column":2},"end":{"line":7,"column":47}},"loc":{"start":{"line":7,"column":84},"end":{"line":8,"column":6}}},"1":{"name":"(anonymous_11)","decl":{"start":{"line":16,"column":8},"end":{"line":16,"column":14}},"loc":{"start":{"line":16,"column":26},"end":{"line":18,"column":3}}}},"branchMap":{},"s":{"0":0,"1":0,"2":0,"3":0,"4":0,"5":0,"6":0},"f":{"0":0,"1":0},"b":{}}
,"D:\\Ynov\\NestJS\\blog-api-nestJS\\src\\comment\\entity\\comment.entity.ts": {"path":"D:\\Ynov\\NestJS\\blog-api-nestJS\\src\\comment\\entity\\comment.entity.ts","statementMap":{"0":{"start":{"line":1,"column":0},"end":{"line":8,"column":15}},"1":{"start":{"line":9,"column":0},"end":{"line":9,"column":60}},"2":{"start":{"line":10,"column":0},"end":{"line":10,"column":51}},"3":{"start":{"line":11,"column":0},"end":{"line":11,"column":108}},"4":{"start":{"line":14,"column":0},"end":{"line":39,"column":1}},"5":{"start":{"line":34,"column":4},"end":{"line":34,"column":67}},"6":{"start":{"line":35,"column":4},"end":{"line":35,"column":63}},"7":{"start":{"line":36,"column":4},"end":{"line":36,"column":68}},"8":{"start":{"line":37,"column":4},"end":{"line":37,"column":56}},"9":{"start":{"line":16,"column":2},"end":{"line":16,"column":18}},"10":{"start":{"line":15,"column":21},"end":{"line":15,"column":28}},"11":{"start":{"line":15,"column":41},"end":{"line":15,"column":57}},"12":{"start":{"line":19,"column":2},"end":{"line":19,"column":14}},"13":{"start":{"line":18,"column":21},"end":{"line":18,"column":25}},"14":{"start":{"line":18,"column":35},"end":{"line":18,"column":48}},"15":{"start":{"line":22,"column":2},"end":{"line":22,"column":19}},"16":{"start":{"line":25,"column":2},"end":{"line":25,"column":17}},"17":{"start":{"line":28,"column":2},"end":{"line":28,"column":15}},"18":{"start":{"line":31,"column":2},"end":{"line":31,"column":15}},"19":{"start":{"line":14,"column":13},"end":{"line":39,"column":1}},"20":{"start":{"line":14,"column":13},"end":{"line":14,"column":20}}},"fnMap":{"0":{"name":"(anonymous_2)","decl":{"start":{"line":33,"column":2},"end":{"line":33,"column":13}},"loc":{"start":{"line":33,"column":41},"end":{"line":38,"column":3}}},"1":{"name":"(anonymous_3)","decl":{"start":{"line":15,"column":13},"end":{"line":15,"column":16}},"loc":{"start":{"line":15,"column":21},"end":{"line":15,"column":28}}},"2":{"name":"(anonymous_4)","decl":{"start":{"line":15,"column":30},"end":{"line":15,"column":36}},"loc":{"start":{"line":15,"column":41},"end":{"line":15,"column":57}}},"3":{"name":"(anonymous_5)","decl":{"start":{"line":18,"column":13},"end":{"line":18,"column":16}},"loc":{"start":{"line":18,"column":21},"end":{"line":18,"column":25}}},"4":{"name":"(anonymous_6)","decl":{"start":{"line":18,"column":27},"end":{"line":18,"column":30}},"loc":{"start":{"line":18,"column":35},"end":{"line":18,"column":48}}}},"branchMap":{"0":{"loc":{"start":{"line":33,"column":39},"end":{"line":33,"column":41}},"type":"default-arg","locations":[{"start":{"line":33,"column":39},"end":{"line":33,"column":41}}]}},"s":{"0":0,"1":0,"2":0,"3":0,"4":0,"5":0,"6":0,"7":0,"8":0,"9":0,"10":0,"11":0,"12":0,"13":0,"14":0,"15":0,"16":0,"17":0,"18":0,"19":0,"20":0},"f":{"0":0,"1":0,"2":0,"3":0,"4":0},"b":{"0":[0]}}
,"D:\\Ynov\\NestJS\\blog-api-nestJS\\src\\config\\config.provider.ts": {"path":"D:\\Ynov\\NestJS\\blog-api-nestJS\\src\\config\\config.provider.ts","statementMap":{"0":{"start":{"line":1,"column":0},"end":{"line":1,"column":63}},"1":{"start":{"line":3,"column":13},"end":{"line":8,"column":2}}},"fnMap":{},"branchMap":{},"s":{"0":0,"1":0},"f":{},"b":{}}
,"D:\\Ynov\\NestJS\\blog-api-nestJS\\src\\config\\config.service.ts": {"path":"D:\\Ynov\\NestJS\\blog-api-nestJS\\src\\config\\config.service.ts","statementMap":{"0":{"start":{"line":1,"column":0},"end":{"line":1,"column":43}},"1":{"start":{"line":2,"column":0},"end":{"line":2,"column":32}},"2":{"start":{"line":3,"column":0},"end":{"line":3,"column":28}},"3":{"start":{"line":14,"column":0},"end":{"line":36,"column":1}},"4":{"start":{"line":16,"column":19},"end":{"line":16,"column":25}},"5":{"start":{"line":17,"column":4},"end":{"line":19,"column":5}},"6":{"start":{"line":18,"column":6},"end":{"line":18,"column":48}},"7":{"start":{"line":20,"column":4},"end":{"line":22,"column":7}},"8":{"start":{"line":26,"column":4},"end":{"line":26,"column":30}},"9":{"start":{"line":30,"column":4},"end":{"line":30,"column":51}},"10":{"start":{"line":34,"column":4},"end":{"line":34,"column":28}},"11":{"start":{"line":14,"column":13},"end":{"line":36,"column":1}},"12":{"start":{"line":14,"column":13},"end":{"line":14,"column":26}},"13":{"start":{"line":38,"column":13},"end":{"line":38,"column":49}}},"fnMap":{"0":{"name":"(anonymous_2)","decl":{"start":{"line":15,"column":2},"end":{"line":null,"column":-1}},"loc":{"start":{"line":15,"column":2},"end":{"line":23,"column":3}}},"1":{"name":"(anonymous_3)","decl":{"start":{"line":25,"column":2},"end":{"line":25,"column":11}},"loc":{"start":{"line":25,"column":25},"end":{"line":27,"column":3}}},"2":{"name":"(anonymous_4)","decl":{"start":{"line":29,"column":2},"end":{"line":29,"column":10}},"loc":{"start":{"line":29,"column":24},"end":{"line":31,"column":3}}},"3":{"name":"(anonymous_5)","decl":{"start":{"line":33,"column":2},"end":{"line":33,"column":10}},"loc":{"start":{"line":33,"column":24},"end":{"line":35,"column":3}}}},"branchMap":{"0":{"loc":{"start":{"line":17,"column":4},"end":{"line":19,"column":5}},"type":"if","locations":[{"start":{"line":17,"column":4},"end":{"line":19,"column":5}},{"start":{"line":17,"column":4},"end":{"line":19,"column":5}}]}},"s":{"0":0,"1":0,"2":0,"3":0,"4":0,"5":0,"6":0,"7":0,"8":0,"9":0,"10":0,"11":0,"12":0,"13":0},"f":{"0":0,"1":0,"2":0,"3":0},"b":{"0":[0,0]}}
,"D:\\Ynov\\NestJS\\blog-api-nestJS\\src\\user\\user.controller.test.ts": {"path":"D:\\Ynov\\NestJS\\blog-api-nestJS\\src\\user\\user.controller.test.ts","statementMap":{"0":{"start":{"line":1,"column":0},"end":{"line":1,"column":49}},"1":{"start":{"line":4,"column":0},"end":{"line":25,"column":2}},"2":{"start":{"line":8,"column":2},"end":{"line":11,"column":4}},"3":{"start":{"line":8,"column":23},"end":{"line":11,"column":3}},"4":{"start":{"line":9,"column":4},"end":{"line":9,"column":23}},"5":{"start":{"line":10,"column":4},"end":{"line":10,"column":44}},"6":{"start":{"line":13,"column":2},"end":{"line":24,"column":4}},"7":{"start":{"line":14,"column":4},"end":{"line":23,"column":6}},"8":{"start":{"line":14,"column":65},"end":{"line":23,"column":5}},"9":{"start":{"line":15,"column":17},"end":{"line":15,"column":24}},"10":{"start":{"line":16,"column":19},"end":{"line":16,"column":35}},"11":{"start":{"line":17,"column":6},"end":{"line":17,"column":57}},"12":{"start":{"line":19,"column":21},"end":{"line":19,"column":49}},"13":{"start":{"line":21,"column":6},"end":{"line":21,"column":31}},"14":{"start":{"line":22,"column":6},"end":{"line":22,"column":54}}},"fnMap":{"0":{"name":"(anonymous_6)","decl":{"start":{"line":4,"column":28},"end":{"line":4,"column":30}},"loc":{"start":{"line":4,"column":33},"end":{"line":25,"column":1}}},"1":{"name":"(anonymous_7)","decl":{"start":{"line":8,"column":12},"end":{"line":8,"column":20}},"loc":{"start":{"line":8,"column":23},"end":{"line":11,"column":3}}},"2":{"name":"(anonymous_8)","decl":{"start":{"line":8,"column":23},"end":{"line":null,"column":-1}},"loc":{"start":{"line":8,"column":23},"end":{"line":11,"column":3}}},"3":{"name":"(anonymous_9)","decl":{"start":{"line":13,"column":22},"end":{"line":13,"column":24}},"loc":{"start":{"line":13,"column":27},"end":{"line":24,"column":3}}},"4":{"name":"(anonymous_10)","decl":{"start":{"line":14,"column":54},"end":{"line":14,"column":62}},"loc":{"start":{"line":14,"column":65},"end":{"line":23,"column":5}}},"5":{"name":"(anonymous_11)","decl":{"start":{"line":14,"column":65},"end":{"line":null,"column":-1}},"loc":{"start":{"line":14,"column":65},"end":{"line":23,"column":5}}}},"branchMap":{},"s":{"0":0,"1":0,"2":0,"3":0,"4":0,"5":0,"6":0,"7":0,"8":0,"9":0,"10":0,"11":0,"12":0,"13":0,"14":0},"f":{"0":0,"1":0,"2":0,"3":0,"4":0,"5":0},"b":{}}
,"D:\\Ynov\\NestJS\\blog-api-nestJS\\src\\user\\user.controller.ts": {"path":"D:\\Ynov\\NestJS\\blog-api-nestJS\\src\\user\\user.controller.ts","statementMap":{"0":{"start":{"line":1,"column":0},"end":{"line":1,"column":66}},"1":{"start":{"line":2,"column":0},"end":{"line":2,"column":56}},"2":{"start":{"line":3,"column":0},"end":{"line":3,"column":43}},"3":{"start":{"line":7,"column":0},"end":{"line":19,"column":1}},"4":{"start":{"line":8,"column":31},"end":{"line":8,"column":55}},"5":{"start":{"line":17,"column":4},"end":{"line":17,"column":39}},"6":{"start":{"line":16,"column":2},"end":{"line":18,"column":3}},"7":{"start":{"line":7,"column":13},"end":{"line":19,"column":1}},"8":{"start":{"line":7,"column":13},"end":{"line":7,"column":27}}},"fnMap":{"0":{"name":"(anonymous_10)","decl":{"start":{"line":8,"column":2},"end":{"line":8,"column":30}},"loc":{"start":{"line":8,"column":55},"end":{"line":8,"column":59}}},"1":{"name":"(anonymous_11)","decl":{"start":{"line":16,"column":8},"end":{"line":16,"column":14}},"loc":{"start":{"line":16,"column":39},"end":{"line":18,"column":3}}}},"branchMap":{},"s":{"0":0,"1":0,"2":0,"3":0,"4":0,"5":0,"6":0,"7":0,"8":0},"f":{"0":0,"1":0},"b":{}}
,"D:\\Ynov\\NestJS\\blog-api-nestJS\\src\\user\\user.module.e2e-test.ts": {"path":"D:\\Ynov\\NestJS\\blog-api-nestJS\\src\\user\\user.module.e2e-test.ts","statementMap":{"0":{"start":{"line":2,"column":0},"end":{"line":2,"column":37}},"1":{"start":{"line":3,"column":0},"end":{"line":3,"column":53}},"2":{"start":{"line":4,"column":0},"end":{"line":4,"column":40}},"3":{"start":{"line":6,"column":0},"end":{"line":20,"column":2}},"4":{"start":{"line":9,"column":2},"end":{"line":17,"column":4}},"5":{"start":{"line":9,"column":23},"end":{"line":17,"column":3}},"6":{"start":{"line":10,"column":26},"end":{"line":12,"column":16}},"7":{"start":{"line":14,"column":4},"end":{"line":14,"column":47}},"8":{"start":{"line":15,"column":4},"end":{"line":15,"column":20}},"9":{"start":{"line":16,"column":4},"end":{"line":16,"column":19}},"10":{"start":{"line":19,"column":2},"end":{"line":19,"column":20}}},"fnMap":{"0":{"name":"(anonymous_6)","decl":{"start":{"line":6,"column":33},"end":{"line":6,"column":35}},"loc":{"start":{"line":6,"column":38},"end":{"line":20,"column":1}}},"1":{"name":"(anonymous_7)","decl":{"start":{"line":9,"column":12},"end":{"line":9,"column":20}},"loc":{"start":{"line":9,"column":23},"end":{"line":17,"column":3}}},"2":{"name":"(anonymous_8)","decl":{"start":{"line":9,"column":23},"end":{"line":null,"column":-1}},"loc":{"start":{"line":9,"column":23},"end":{"line":17,"column":3}}},"3":{"name":"(anonymous_9)","decl":{"start":{"line":19,"column":11},"end":{"line":19,"column":13}},"loc":{"start":{"line":19,"column":16},"end":{"line":19,"column":19}}}},"branchMap":{},"s":{"0":0,"1":0,"2":0,"3":0,"4":0,"5":0,"6":0,"7":0,"8":0,"9":0,"10":0},"f":{"0":0,"1":0,"2":0,"3":0},"b":{}}
,"D:\\Ynov\\NestJS\\blog-api-nestJS\\src\\user\\user.service.test.ts": {"path":"D:\\Ynov\\NestJS\\blog-api-nestJS\\src\\user\\user.service.test.ts","statementMap":{"0":{"start":{"line":2,"column":0},"end":{"line":2,"column":43}},"1":{"start":{"line":4,"column":0},"end":{"line":25,"column":2}},"2":{"start":{"line":8,"column":2},"end":{"line":11,"column":4}},"3":{"start":{"line":8,"column":23},"end":{"line":11,"column":3}},"4":{"start":{"line":9,"column":4},"end":{"line":9,"column":26}},"5":{"start":{"line":10,"column":4},"end":{"line":10,"column":41}},"6":{"start":{"line":13,"column":2},"end":{"line":24,"column":4}},"7":{"start":{"line":14,"column":4},"end":{"line":23,"column":6}},"8":{"start":{"line":14,"column":87},"end":{"line":23,"column":5}},"9":{"start":{"line":15,"column":17},"end":{"line":15,"column":24}},"10":{"start":{"line":16,"column":19},"end":{"line":16,"column":35}},"11":{"start":{"line":17,"column":6},"end":{"line":17,"column":60}},"12":{"start":{"line":19,"column":21},"end":{"line":19,"column":46}},"13":{"start":{"line":21,"column":6},"end":{"line":21,"column":31}},"14":{"start":{"line":22,"column":6},"end":{"line":22,"column":57}}},"fnMap":{"0":{"name":"(anonymous_6)","decl":{"start":{"line":4,"column":24},"end":{"line":4,"column":26}},"loc":{"start":{"line":4,"column":29},"end":{"line":25,"column":1}}},"1":{"name":"(anonymous_7)","decl":{"start":{"line":8,"column":12},"end":{"line":8,"column":20}},"loc":{"start":{"line":8,"column":23},"end":{"line":11,"column":3}}},"2":{"name":"(anonymous_8)","decl":{"start":{"line":8,"column":23},"end":{"line":null,"column":-1}},"loc":{"start":{"line":8,"column":23},"end":{"line":11,"column":3}}},"3":{"name":"(anonymous_9)","decl":{"start":{"line":13,"column":22},"end":{"line":13,"column":24}},"loc":{"start":{"line":13,"column":27},"end":{"line":24,"column":3}}},"4":{"name":"(anonymous_10)","decl":{"start":{"line":14,"column":76},"end":{"line":14,"column":84}},"loc":{"start":{"line":14,"column":87},"end":{"line":23,"column":5}}},"5":{"name":"(anonymous_11)","decl":{"start":{"line":14,"column":87},"end":{"line":null,"column":-1}},"loc":{"start":{"line":14,"column":87},"end":{"line":23,"column":5}}}},"branchMap":{},"s":{"0":0,"1":0,"2":0,"3":0,"4":0,"5":0,"6":0,"7":0,"8":0,"9":0,"10":0,"11":0,"12":0,"13":0,"14":0},"f":{"0":0,"1":0,"2":0,"3":0,"4":0,"5":0},"b":{}}
,"D:\\Ynov\\NestJS\\blog-api-nestJS\\src\\user\\user.service.ts": {"path":"D:\\Ynov\\NestJS\\blog-api-nestJS\\src\\user\\user.service.ts","statementMap":{"0":{"start":{"line":1,"column":0},"end":{"line":1,"column":50}},"1":{"start":{"line":2,"column":0},"end":{"line":2,"column":49}},"2":{"start":{"line":5,"column":0},"end":{"line":19,"column":1}},"3":{"start":{"line":7,"column":45},"end":{"line":7,"column":75}},"4":{"start":{"line":17,"column":4},"end":{"line":17,"column":42}},"5":{"start":{"line":5,"column":13},"end":{"line":19,"column":1}},"6":{"start":{"line":5,"column":13},"end":{"line":5,"column":24}}},"fnMap":{"0":{"name":"(anonymous_10)","decl":{"start":{"line":6,"column":2},"end":{"line":7,"column":44}},"loc":{"start":{"line":7,"column":75},"end":{"line":8,"column":6}}},"1":{"name":"(anonymous_11)","decl":{"start":{"line":16,"column":8},"end":{"line":16,"column":14}},"loc":{"start":{"line":16,"column":26},"end":{"line":18,"column":3}}}},"branchMap":{},"s":{"0":0,"1":0,"2":0,"3":0,"4":0,"5":0,"6":0},"f":{"0":0,"1":0},"b":{}}
,"D:\\Ynov\\NestJS\\blog-api-nestJS\\src\\user\\entity\\user.entity.ts": {"path":"D:\\Ynov\\NestJS\\blog-api-nestJS\\src\\user\\entity\\user.entity.ts","statementMap":{"0":{"start":{"line":1,"column":0},"end":{"line":8,"column":15}},"1":{"start":{"line":9,"column":0},"end":{"line":9,"column":60}},"2":{"start":{"line":10,"column":0},"end":{"line":10,"column":60}},"3":{"start":{"line":11,"column":0},"end":{"line":11,"column":86}},"4":{"start":{"line":14,"column":0},"end":{"line":55,"column":1}},"5":{"start":{"line":46,"column":4},"end":{"line":46,"column":59}},"6":{"start":{"line":47,"column":4},"end":{"line":47,"column":71}},"7":{"start":{"line":48,"column":4},"end":{"line":48,"column":71}},"8":{"start":{"line":49,"column":4},"end":{"line":49,"column":60}},"9":{"start":{"line":50,"column":4},"end":{"line":50,"column":58}},"10":{"start":{"line":51,"column":4},"end":{"line":51,"column":64}},"11":{"start":{"line":52,"column":4},"end":{"line":52,"column":58}},"12":{"start":{"line":53,"column":4},"end":{"line":53,"column":61}},"13":{"start":{"line":16,"column":2},"end":{"line":16,"column":21}},"14":{"start":{"line":15,"column":21},"end":{"line":15,"column":28}},"15":{"start":{"line":15,"column":41},"end":{"line":15,"column":55}},"16":{"start":{"line":19,"column":2},"end":{"line":19,"column":21}},"17":{"start":{"line":18,"column":21},"end":{"line":18,"column":28}},"18":{"start":{"line":18,"column":41},"end":{"line":18,"column":55}},"19":{"start":{"line":22,"column":2},"end":{"line":22,"column":15}},"20":{"start":{"line":25,"column":2},"end":{"line":25,"column":15}},"21":{"start":{"line":28,"column":2},"end":{"line":28,"column":19}},"22":{"start":{"line":31,"column":2},"end":{"line":31,"column":18}},"23":{"start":{"line":34,"column":2},"end":{"line":34,"column":21}},"24":{"start":{"line":37,"column":2},"end":{"line":37,"column":18}},"25":{"start":{"line":40,"column":2},"end":{"line":40,"column":15}},"26":{"start":{"line":43,"column":2},"end":{"line":43,"column":16}},"27":{"start":{"line":14,"column":13},"end":{"line":55,"column":1}},"28":{"start":{"line":14,"column":13},"end":{"line":14,"column":17}}},"fnMap":{"0":{"name":"(anonymous_2)","decl":{"start":{"line":45,"column":2},"end":{"line":45,"column":13}},"loc":{"start":{"line":45,"column":38},"end":{"line":54,"column":3}}},"1":{"name":"(anonymous_3)","decl":{"start":{"line":15,"column":13},"end":{"line":15,"column":16}},"loc":{"start":{"line":15,"column":21},"end":{"line":15,"column":28}}},"2":{"name":"(anonymous_4)","decl":{"start":{"line":15,"column":30},"end":{"line":15,"column":36}},"loc":{"start":{"line":15,"column":41},"end":{"line":15,"column":55}}},"3":{"name":"(anonymous_5)","decl":{"start":{"line":18,"column":13},"end":{"line":18,"column":16}},"loc":{"start":{"line":18,"column":21},"end":{"line":18,"column":28}}},"4":{"name":"(anonymous_6)","decl":{"start":{"line":18,"column":30},"end":{"line":18,"column":36}},"loc":{"start":{"line":18,"column":41},"end":{"line":18,"column":55}}}},"branchMap":{"0":{"loc":{"start":{"line":45,"column":36},"end":{"line":45,"column":38}},"type":"default-arg","locations":[{"start":{"line":45,"column":36},"end":{"line":45,"column":38}}]}},"s":{"0":0,"1":0,"2":0,"3":0,"4":0,"5":0,"6":0,"7":0,"8":0,"9":0,"10":0,"11":0,"12":0,"13":0,"14":0,"15":0,"16":0,"17":0,"18":0,"19":0,"20":0,"21":0,"22":0,"23":0,"24":0,"25":0,"26":0,"27":0,"28":0},"f":{"0":0,"1":0,"2":0,"3":0,"4":0},"b":{"0":[0]}}
,"D:\\Ynov\\NestJS\\blog-api-nestJS\\src\\utils\\copy-constructor.tools.ts": {"path":"D:\\Ynov\\NestJS\\blog-api-nestJS\\src\\utils\\copy-constructor.tools.ts","statementMap":{"0":{"start":{"line":14,"column":2},"end":{"line":14,"column":54}},"1":{"start":{"line":13,"column":0},"end":{"line":15,"column":1}},"2":{"start":{"line":31,"column":2},"end":{"line":33,"column":35}},"3":{"start":{"line":27,"column":0},"end":{"line":34,"column":1}},"4":{"start":{"line":50,"column":2},"end":{"line":54,"column":48}},"5":{"start":{"line":53,"column":26},"end":{"line":53,"column":32}},"6":{"start":{"line":54,"column":23},"end":{"line":54,"column":46}},"7":{"start":{"line":46,"column":0},"end":{"line":55,"column":1}}},"fnMap":{"0":{"name":"getOrDefault","decl":{"start":{"line":13,"column":16},"end":{"line":13,"column":28}},"loc":{"start":{"line":13,"column":70},"end":{"line":15,"column":1}}},"1":{"name":"getCopyConstruction","decl":{"start":{"line":27,"column":16},"end":{"line":27,"column":35}},"loc":{"start":{"line":29,"column":53},"end":{"line":34,"column":1}}},"2":{"name":"getCopyConstructions","decl":{"start":{"line":46,"column":16},"end":{"line":46,"column":36}},"loc":{"start":{"line":48,"column":70},"end":{"line":55,"column":1}}},"3":{"name":"(anonymous_3)","decl":{"start":{"line":53,"column":16},"end":{"line":53,"column":21}},"loc":{"start":{"line":53,"column":26},"end":{"line":53,"column":32}}},"4":{"name":"(anonymous_4)","decl":{"start":{"line":54,"column":13},"end":{"line":54,"column":18}},"loc":{"start":{"line":54,"column":23},"end":{"line":54,"column":46}}}},"branchMap":{"0":{"loc":{"start":{"line":14,"column":32},"end":{"line":14,"column":44}},"type":"cond-expr","locations":[{"start":{"line":14,"column":32},"end":{"line":14,"column":44}},{"start":{"line":14,"column":47},"end":{"line":14,"column":53}}]},"1":{"loc":{"start":{"line":32,"column":6},"end":{"line":32,"column":15}},"type":"cond-expr","locations":[{"start":{"line":32,"column":6},"end":{"line":32,"column":15}},{"start":{"line":33,"column":6},"end":{"line":33,"column":34}}]},"2":{"loc":{"start":{"line":31,"column":9},"end":{"line":31,"column":24}},"type":"binary-expr","locations":[{"start":{"line":31,"column":9},"end":{"line":31,"column":24}},{"start":{"line":31,"column":28},"end":{"line":31,"column":48}}]},"3":{"loc":{"start":{"line":51,"column":6},"end":{"line":51,"column":15}},"type":"cond-expr","locations":[{"start":{"line":51,"column":6},"end":{"line":51,"column":15}},{"start":{"line":52,"column":7},"end":{"line":54,"column":47}}]},"4":{"loc":{"start":{"line":50,"column":9},"end":{"line":50,"column":25}},"type":"binary-expr","locations":[{"start":{"line":50,"column":9},"end":{"line":50,"column":25}},{"start":{"line":50,"column":29},"end":{"line":50,"column":50}}]}},"s":{"0":0,"1":0,"2":0,"3":0,"4":0,"5":0,"6":0,"7":0},"f":{"0":0,"1":0,"2":0,"3":0,"4":0},"b":{"0":[0,0],"1":[0,0],"2":[0,0],"3":[0,0],"4":[0,0]}}
,"D:\\Ynov\\NestJS\\blog-api-nestJS\\src\\utils\\custom-repository.tools.ts": {"path":"D:\\Ynov\\NestJS\\blog-api-nestJS\\src\\utils\\custom-repository.tools.ts","statementMap":{"0":{"start":{"line":1,"column":0},"end":{"line":1,"column":69}},"1":{"start":{"line":11,"column":2},"end":{"line":16,"column":4}},"2":{"start":{"line":13,"column":49},"end":{"line":14,"column":48}},"3":{"start":{"line":14,"column":6},"end":{"line":14,"column":48}},"4":{"start":{"line":10,"column":0},"end":{"line":17,"column":1}}},"fnMap":{"0":{"name":"customRepository","decl":{"start":{"line":10,"column":16},"end":{"line":10,"column":32}},"loc":{"start":{"line":10,"column":75},"end":{"line":17,"column":1}}},"1":{"name":"(anonymous_7)","decl":{"start":{"line":13,"column":16},"end":{"line":13,"column":23}},"loc":{"start":{"line":13,"column":49},"end":{"line":14,"column":48}}},"2":{"name":"(anonymous_8)","decl":{"start":{"line":13,"column":49},"end":{"line":14,"column":5}},"loc":{"start":{"line":13,"column":49},"end":{"line":14,"column":48}}}},"branchMap":{},"s":{"0":0,"1":0,"2":0,"3":0,"4":0},"f":{"0":0,"1":0,"2":0},"b":{}}
,"D:\\Ynov\\NestJS\\blog-api-nestJS\\src\\utils\\database\\database.provider.ts": {"path":"D:\\Ynov\\NestJS\\blog-api-nestJS\\src\\utils\\database\\database.provider.ts","statementMap":{"0":{"start":{"line":1,"column":0},"end":{"line":1,"column":41}},"1":{"start":{"line":2,"column":0},"end":{"line":2,"column":60}},"2":{"start":{"line":4,"column":13},"end":{"line":20,"column":1}},"3":{"start":{"line":7,"column":55},"end":{"line":17,"column":8}},"4":{"start":{"line":8,"column":6},"end":{"line":17,"column":8}}},"fnMap":{"0":{"name":"(anonymous_6)","decl":{"start":{"line":7,"column":16},"end":{"line":7,"column":23}},"loc":{"start":{"line":7,"column":55},"end":{"line":17,"column":8}}}},"branchMap":{},"s":{"0":0,"1":0,"2":0,"3":0,"4":0},"f":{"0":0},"b":{}}
}
